[debug] [2021-03-19T12:06:24.703Z] ----------------------------------------------------------------------
[debug] [2021-03-19T12:06:24.721Z] Command:       E:\Program Files\nodejs\node.exe C:\Users\EGO\AppData\Roaming\npm\node_modules\firebase-tools\lib\bin\firebase.js init
[debug] [2021-03-19T12:06:24.723Z] CLI Version:   9.3.0
[debug] [2021-03-19T12:06:24.723Z] Platform:      win32
[debug] [2021-03-19T12:06:24.723Z] Node Version:  v15.9.0
[debug] [2021-03-19T12:06:24.800Z] Time:          Fri Mar 19 2021 13:06:24 GMT+0100 (West Africa Standard Time)
[debug] [2021-03-19T12:06:24.800Z] ----------------------------------------------------------------------
[debug] [2021-03-19T12:06:24.801Z] 
[debug] [2021-03-19T12:06:24.843Z] >>> [apiv2][query] GET https://firebase-public.firebaseio.com/cli.json [none]
[debug] [2021-03-19T12:06:24.965Z] > command requires scopes: ["email","openid","https://www.googleapis.com/auth/cloudplatformprojects.readonly","https://www.googleapis.com/auth/firebase","https://www.googleapis.com/auth/cloud-platform"]
[debug] [2021-03-19T12:06:24.966Z] > authorizing via signed-in user
[info] 
     ######## #### ########  ######## ########     ###     ######  ########
     ##        ##  ##     ## ##       ##     ##  ##   ##  ##       ##
     ######    ##  ########  ######   ########  #########  ######  ######
     ##        ##  ##    ##  ##       ##     ## ##     ##       ## ##
     ##       #### ##     ## ######## ########  ##     ##  ######  ########

You're about to initialize a Firebase project in this directory:

  E:\classsed-react-firebase-client

Before we get started, keep in mind:

  * You are initializing in an existing Firebase project directory

[debug] [2021-03-19T12:06:26.131Z] <<< [apiv2][status] GET https://firebase-public.firebaseio.com/cli.json 200
[debug] [2021-03-19T12:06:26.131Z] <<< [apiv2][body] GET https://firebase-public.firebaseio.com/cli.json {"cloudBuildErrorAfter":1594252800000,"cloudBuildWarnAfter":1590019200000,"defaultNode10After":1594252800000,"minVersion":"3.0.5","node8DeploysDisabledAfter":1613390400000,"node8RuntimeDisabledAfter":1615809600000,"node8WarnAfter":1600128000000}
[info] 
=== Project Setup
[info] 
[info] First, let's associate this project directory with a Firebase project.
[info] You can create multiple project aliases by running firebase use --add, 
[info] but for now we'll just set up a default project.
[info] 
[info] i  .firebaserc already has a default project, using socialape-d081e. 
[debug] [2021-03-19T12:07:33.311Z] > refreshing access token with scopes: []
[debug] [2021-03-19T12:07:33.313Z] >>> HTTP REQUEST POST https://www.googleapis.com/oauth2/v3/token  
 <request body omitted>
[debug] [2021-03-19T12:07:33.957Z] <<< HTTP RESPONSE 200 {"pragma":"no-cache","expires":"Mon, 01 Jan 1990 00:00:00 GMT","cache-control":"no-cache, no-store, max-age=0, must-revalidate","date":"Fri, 19 Mar 2021 12:07:53 GMT","content-type":"application/json; charset=utf-8","vary":"X-Origin, Referer, Origin,Accept-Encoding","server":"scaffolding on HTTPServer2","x-xss-protection":"0","x-frame-options":"SAMEORIGIN","x-content-type-options":"nosniff","alt-svc":"h3-29=\":443\"; ma=2592000,h3-T051=\":443\"; ma=2592000,h3-Q050=\":443\"; ma=2592000,h3-Q046=\":443\"; ma=2592000,h3-Q043=\":443\"; ma=2592000,quic=\":443\"; ma=2592000; v=\"46,43\"","accept-ranges":"none","transfer-encoding":"chunked"}
[debug] [2021-03-19T12:07:34.010Z] >>> [apiv2][query] GET https://firebase.googleapis.com/v1beta1/projects/socialape-d081e [none]
[debug] [2021-03-19T12:07:34.839Z] <<< [apiv2][status] GET https://firebase.googleapis.com/v1beta1/projects/socialape-d081e 403
[debug] [2021-03-19T12:07:34.840Z] <<< [apiv2][body] GET https://firebase.googleapis.com/v1beta1/projects/socialape-d081e {"error":{"code":403,"message":"The caller does not have permission","status":"PERMISSION_DENIED"}}
[debug] [2021-03-19T12:07:34.841Z] HTTP Error: 403, The caller does not have permission
[debug] [2021-03-19T12:07:35.388Z] FirebaseError: HTTP Error: 403, The caller does not have permission
    at module.exports (C:\Users\EGO\AppData\Roaming\npm\node_modules\firebase-tools\lib\responseToError.js:38:12)
    at Client.doRequest (C:\Users\EGO\AppData\Roaming\npm\node_modules\firebase-tools\lib\apiv2.js:227:23)
    at processTicksAndRejections (node:internal/process/task_queues:94:5)
    at async Client.request (C:\Users\EGO\AppData\Roaming\npm\node_modules\firebase-tools\lib\apiv2.js:93:20)
    at async Object.getFirebaseProject (C:\Users\EGO\AppData\Roaming\npm\node_modules\firebase-tools\lib\management\projects.js:289:21)
    at async Object.doSetup [as project] (C:\Users\EGO\AppData\Roaming\npm\node_modules\firebase-tools\lib\init\features\project.js:77:27)
    at async init (C:\Users\EGO\AppData\Roaming\npm\node_modules\firebase-tools\lib\init\index.js:19:9)
[error] 
[error] Error: Failed to get Firebase project socialape-d081e. Please make sure the project exists and your account has permission to access it.
